
Circuit 1 cell sky130_fd_pr__pfet_01v8 and Circuit 2 cell sky130_fd_pr__pfet_01v8 are black boxes.
Warning: Equate pins:  cell sky130_fd_pr__pfet_01v8 is a placeholder, treated as a black box.
Warning: Equate pins:  cell sky130_fd_pr__pfet_01v8 is a placeholder, treated as a black box.

Subcircuit pins:
Circuit 1: sky130_fd_pr__pfet_01v8         |Circuit 2: sky130_fd_pr__pfet_01v8         
-------------------------------------------|-------------------------------------------
1                                          |1                                          
2                                          |2                                          
3                                          |3                                          
4                                          |4                                          
---------------------------------------------------------------------------------------
Cell pin lists are equivalent.
Device classes sky130_fd_pr__pfet_01v8 and sky130_fd_pr__pfet_01v8 are equivalent.

Circuit 1 cell sky130_fd_pr__nfet_01v8 and Circuit 2 cell sky130_fd_pr__nfet_01v8 are black boxes.
Warning: Equate pins:  cell sky130_fd_pr__nfet_01v8 is a placeholder, treated as a black box.
Warning: Equate pins:  cell sky130_fd_pr__nfet_01v8 is a placeholder, treated as a black box.

Subcircuit pins:
Circuit 1: sky130_fd_pr__nfet_01v8         |Circuit 2: sky130_fd_pr__nfet_01v8         
-------------------------------------------|-------------------------------------------
1                                          |1                                          
2                                          |2                                          
3                                          |3                                          
4                                          |4                                          
---------------------------------------------------------------------------------------
Cell pin lists are equivalent.
Device classes sky130_fd_pr__nfet_01v8 and sky130_fd_pr__nfet_01v8 are equivalent.
Flattening unmatched subcell sky130_fd_pr__pfet_01v8_FRXWNM in circuit sensor (0)(5 instances)
Flattening unmatched subcell sky130_fd_pr__pfet_01v8_FVXEPM in circuit sensor (0)(1 instance)
Flattening unmatched subcell sky130_fd_pr__pfet_01v8_FVTXNM in circuit sensor (0)(1 instance)
Flattening unmatched subcell sky130_fd_pr__pfet_01v8_3HGYVM in circuit sensor (0)(1 instance)
Flattening unmatched subcell sky130_fd_pr__pfet_01v8_SKTYVM in circuit sensor (0)(1 instance)
Flattening unmatched subcell sky130_fd_pr__nfet_01v8_9VJR3B in circuit sensor (0)(8 instances)
Flattening unmatched subcell sky130_fd_pr__pfet_01v8_YAWWFM in circuit sensor (0)(2 instances)
Flattening unmatched subcell sky130_fd_pr__pfet_01v8_YAEUFM in circuit sensor (0)(1 instance)

Class sensor (0):  Merged 45 parallel devices.
Class sensor (1):  Merged 10 parallel devices.
Subcircuit summary:
Circuit 1: sensor                          |Circuit 2: sensor                          
-------------------------------------------|-------------------------------------------
sky130_fd_pr__pfet_01v8 (26->9)            |sky130_fd_pr__pfet_01v8 (12->9)            
sky130_fd_pr__nfet_01v8 (32->4)            |sky130_fd_pr__nfet_01v8 (32->4)            
Number of devices: 13                      |Number of devices: 13                      
Number of nets: 8                          |Number of nets: 8                          
---------------------------------------------------------------------------------------
Netlists match uniquely.

Subcircuit pins:
Circuit 1: sensor                          |Circuit 2: sensor                          
-------------------------------------------|-------------------------------------------
gnd                                        |gnd                                        
vtd                                        |vtd                                        
vts                                        |vts                                        
vd                                         |vd                                         
---------------------------------------------------------------------------------------
Cell pin lists are equivalent.
Device classes sensor and sensor are equivalent.

Final result: Circuits match uniquely.
.
